


	НАЧАЛО РАБОТЫ
 Дата и время: 07.12.2018 8:14:17

Дистанция ограничения= 300
Порог ограничения= 4e6
Множитель ограничения= 4e-2
Дистанция ограничения МОНО= 300
Порог ограничения МОНО= 1e6
Множитель ограничения МОНО= 1e-2
Номер комплекта= 1
Частота процессоров= 100
Дальность действия ЧМ (м)= 160000
Дальность действия МОНО (м)= 15000
Файлы коэффициента передачи сжимающего фильтра ЧМ НУ: 
.\dann\nu88n2048_re1k_2.dat
.\dann\nu88n2048_im1k_2.dat
Файлы коэффициента передачи сжимающего фильтра ЧМ ВУ: 
.\dann\vu88n2048_re1k_2.dat
.\dann\vu88n2048_im1k_2.dat
Файл тестового сигнала ЧМ: 
.\dann\Ishod_LHM1k_2.txt
Файл коэффициентов ВАРУ ЧМ: 
.\dann\nu_wary2k_lhm.txt
Файл коэффициентов ВАРУ МОНО: 
.\dann\wary_m.txt
Файлы коэффициента передачи сжимающего фильтра МОНО НУ: 
.\dann\nu6n512_re1k_2.dat
.\dann\nu6n512_im1k_2.dat
Файлы коэффициента передачи сжимающего фильтра МОНО ВУ: 
.\dann\vu6n512_re1k_2.dat
.\dann\vu6n512_im1k_2.dat
Файл тестового сигнала МОНО: 
.\dann\Ishod_MONO1k_2.txt
Файл фильтров ДДС: 
.\dann\50MGZ_228_156mgz.imp 
Файл карты помех: 
.\save\1.krt 
Задержка начала дальности ЧМ (c)= 0.000013
Число испорченных данных ЧМ= 7
Задержка начала дальности МОНО (c)= 0.000008
Число испорченных данных МОНО= 7
ДДС включен = 1
Порог компаратора (в)= 1.000000
Уровень ограничения при накоплении= 262144
Частота гетеродина ЧМ(Гц)= 19000000
Частота гетеродина МОНО(Гц)= 21000000
Частота среза фильтра ЦАП (Гц)= 781250
Задержка старта ЦАП относительно импульсов запуска (с)= 0.000040
Число обзоров для накопления= 7
Коэффициент децимации накопления= 1
Индекс приема ЧМ= 1
Индекс приема МОНО= 11
Индекс передачи в ХОСТ ЧМ= 3
Индекс передачи в ХОСТ МОНО= 9
Индекс передачи в ЦАП ЧМ= 0
Индекс передачи в ЦАП МОНО= 1
Коэффициент усиления ЦАП в режиме MTD=479.000000
Коэффициент усиления ЦАП карты помех=45.099998
Коэффициент усиления ЦАП без МТД=0.137000
Уровень шума при накоплении= 4.000000
Смещение ЦАП -350
Дальность очистки= 160000.000000
Скорость очистки (км/ч)= 0.000000
Включить тестирование= 0
Интервал до начала тестирования= 100000 мс
Порог сравнения результата сжатия тестового сигнала  ЧМ= 7.000000e+07
Порог сравнения боковых сжатого тестового сигнала  ЧМ= 5.000000e+01
Порог сравнения результата сжатия тестового сигнала  МОНО= 5.000000e+06
Порог сравнения боковых сжатого тестового сигнала  МОНО= 1.000000e+02
Порог сравнения результата MTD тестового сигнала  ЧМ= 5.500000e+02
Порог сравнения результата MTD тестового сигнала  МОНО= 2.000000e+03
Индекс сравнения тестового сигнала  ЧМ = 1686
Индекс сравнения боковых тестового сигнала  ЧМ= 65535
Индекс сравнения тестового сигнала  МОНО= 276
Индекс сравнения боковых тестового сигнала  МОНО= 65535
Режим компенсации ВАРУ = 0
Режим записи оценок координат в файл = 0
Начальная загрузка карты помех = 0
Отображение из файла = 1
Сжатие = 1
Медианная фильтрация = 1
MTD 1
Режим МЕТЕО включен= 0
Вывод карты номер= 1
Адаптация с помощью окна= 0
Тип карты помех= 0
Порог для карты помех= 10.000000
Номер фильтра МТД= 2
Размер карты помех ЧМ= 950
Размер карты помех МОНО= 950
Размер окна обучающей выборки= 15
Число пропусков в обучающей выборке= 9
Константы регуляризации: ЧМ= 1.000000e-01 МОНО= 1.000000e-01
Число периодов ЧМ= 5
Число периодов МОНО= 5
Убрать в МОНО= 37
Коэффициент сглаживания карты помех= 0.100000
Коэффициент сглаживания карты помех МОНО= 0.100000
Вес карты помех= 10.000000
Использование накопления(1 - используется, 0 - нет)= 1
Коэффициент порога обнаружения ЧМ= 450.000000
Коэффициент порога обнаружения МОНО= 450.000000
Порядок временной регулировки усиления ЧМ=0
Порядок временной регулировки усиления ЧМ 2=0
Максимальная дальность временной регулировки усиления ЧМ=100000.000000
Минимальное усиление временной регулировки ЧМ=0.000000
Максимальная дальность временной регулировки усиления ЧМ 2=100000.000000
Минимальное усиление временной регулировки ЧМ 2=0.100000
Порядок временной регулировки усиления МОНО=0
Количество отметок  МОНО=50
Порядок временной регулировки усиления МОНО 2=0
Количество отметок  ЧМ=100
Включить фильтр=1
Нижний порог обнаружения ЧМ=200.000000
Верхний порог обнаружения ЧМ=500.000000
Множитель сглаживания порога обнаружения ЧМ=0.100000
Множитель сглаживания коэффициента усиления ЧМ=0.010000
Нижний порог обнаружения МОНО=200.000000
Верхний порог обнаружения МОНО=1500.000000
Множитель сглаживания порога обнаружения МОНО=1.000000
Максимальная дальность временной регулировки усиления МОНО=15000.000000
Минимальное усиление временной регулировки МОНО=0.300000
Максимальная дальность временной регулировки усиления МОНО 2=10000.000000
Минимальное усиление временной регулировки МОНО 2=0.100000
Коэффициент для адаптации порога обнаружения=2.000000
Файл матрицы собственных функций ЧМ: 
.\dann\pci5_lhm_0.1GZ_20.txt
Файл матрицы собственных функций МОНО: 
.\dann\pci5_lhm_0.1GZ_20.txt
Файл программы 1 процессора: 
.\mod_zoc\Release\dsp_1.dxe
Файл программы 2 процессора: 
.\mod_zoc\Release\dsp_2.dxe
Файл программы 3 процессора: 
.\mod_zoc\Release\dsp_3.dxe
Файл программы 4 процессора: 
.\mod_zoc\Release\dsp_4.dxe
N_Lhm=1666 N_Mono=156
Файлы коэффициента сжатия ЧМ нижних углов загружены
Файлы коэффициента сжатия ЧМ верхних углов загружены
Файл тестового сигнала ЧМ загружен
Файл коэффициентов ВАРУ ЧМ загружен
Файл коэффициентов ВАРУ МОНО загружен
Файлы коэффициента сжатия МОНО нижних углов загружены
Файлы коэффициента сжатия МОНО верхних углов загружены
Файл тестового сигнала МОНО загружен

*********** Периоды ЛЧМ **********
189  160  230  152  197  
Собственные значения ЛЧМ загружены

*********** Периоды МОНО **********
189  160  230  152  197  
Собственные значения МОНО загружены

Ошибка kikoss. kod=1.                                       07.12.2018 8:14:18
Не передается СЕВЕР

Пропущено 2 Ошибка обмена с платой ликвидирована.                       07.12.2018 8:14:47
Переключение комплекта в активный режим.                    07.12.2018 8:14:47
Пропущено 9 Ошибка обмена с платой ликвидирована.                       07.12.2018 8:14:47
Пропуск цифровых данных: old=0 new=0                        07.12.2018 8:14:47
Пропуск цифровых данных: old=0 new=0                        07.12.2018 8:14:47
Пропущено 2 Ошибка обмена с платой ликвидирована.                       07.12.2018 8:15:09
Пропущено 9 Ошибка обмена с платой ликвидирована.                       07.12.2018 8:15:09
Пропуск цифровых данных: old=845 new=0                      07.12.2018 8:15:09
Пропуск цифровых данных: old=0 new=0                        07.12.2018 8:15:09
Пропущено 2 Ошибка обмена с платой ликвидирована.                       07.12.2018 8:15:30
Пропущено 9 Ошибка обмена с платой ликвидирована.                       07.12.2018 8:15:30
Пропуск цифровых данных: old=845 new=0                      07.12.2018 8:15:30
Пропуск цифровых данных: old=0 new=0                        07.12.2018 8:15:30
Пропущено 4 Ошибка обмена с платой ликвидирована.                       07.12.2018 8:15:53
Пропущено 9 Ошибка обмена с платой ликвидирована.                       07.12.2018 8:15:53
Пропуск цифровых данных: old=708 new=0                      07.12.2018 8:15:53
Пропуск цифровых данных: old=0 new=0                        07.12.2018 8:15:53
Сообщение exit_fn1: Программа Bsp.exe завершена             07.12.2018 8:17:14
Получено сообщение о закрытии окна. Дата и время:           07.12.2018 8:17:14
