  stdafx.cpp
  var.cpp
c:\users\alex\vs_project\potokexe_ex1\potokexe_ex1\src\var.cpp(81): warning C4838: преобразование из "unsigned int" в "int" требует сужающего преобразования
c:\users\alex\vs_project\potokexe_ex1\potokexe_ex1\src\var.cpp(81): warning C4838: преобразование из "double" в "unsigned int" требует сужающего преобразования
c:\users\alex\vs_project\potokexe_ex1\potokexe_ex1\src\var.cpp(81): warning C4244: инициализация: преобразование "double" в "unsigned int", возможна потеря данных
c:\users\alex\vs_project\potokexe_ex1\potokexe_ex1\src\var.cpp(81): warning C4838: преобразование из "double" в "float" требует сужающего преобразования
c:\users\alex\vs_project\potokexe_ex1\potokexe_ex1\src\var.cpp(81): warning C4305: инициализация: усечение из "double" в "float"
  sundries.cpp
c:\users\alex\vs_project\potokexe_ex1\potokexe_ex1\src\sundries.cpp(10): warning C4005: _CRT_SECURE_NO_WARNINGS: изменение макроопределения
  c:\users\alex\vs_project\potokexe_ex1\potokexe_ex1\src\sundries.cpp(10): note: аргументы командной строки:  см. предыдущее определение "_CRT_SECURE_NO_WARNINGS"
c:\users\alex\vs_project\potokexe_ex1\potokexe_ex1\src\sundries.cpp(51): warning C4101: time_stamp: неиспользованная локальная переменная
  Potokexeex1.cpp
c:\users\alex\vs_project\potokexe_ex1\potokexe_ex1\potokexeex1.cpp(6): warning C4005: _CRT_SECURE_NO_WARNINGS: изменение макроопределения
  c:\users\alex\vs_project\potokexe_ex1\potokexe_ex1\potokexeex1.cpp(6): note: аргументы командной строки:  см. предыдущее определение "_CRT_SECURE_NO_WARNINGS"
c:\users\alex\vs_project\potokexe_ex1\potokexe_ex1\potokexeex1.cpp(123): warning C4102: nach_lo: неиспользованная метка
c:\users\alex\vs_project\potokexe_ex1\potokexe_ex1\potokexeex1.cpp(62): warning C4101: y: неиспользованная локальная переменная
c:\users\alex\vs_project\potokexe_ex1\potokexe_ex1\potokexeex1.cpp(70): warning C4101: nom_er: неиспользованная локальная переменная
c:\users\alex\vs_project\potokexe_ex1\potokexe_ex1\potokexeex1.cpp(62): warning C4101: x: неиспользованная локальная переменная
c:\users\alex\vs_project\potokexe_ex1\potokexe_ex1\potokexeex1.cpp(55): warning C4101: timeCurInfo: неиспользованная локальная переменная
  Создание кода...
  Potokexe_ex1.vcxproj -> C:\Users\Alex\VS_project\Potokexe_ex1\Debug\Potokexe_ex1.exe
  Potokexe_ex1.vcxproj -> C:\Users\Alex\VS_project\Potokexe_ex1\Debug\Potokexe_ex1.pdb (Partial PDB)
